<?xml version="1.0" encoding="UTF-8"?>
<!-- Generated by org.testng.reporters.JUnitReportReporter -->
<testsuite skipped="0" hostname="SANYO-PC" name="MyTest" tests="1" failures="0" timestamp="2020-02-27T21:18:47 EST" time="0.028" errors="0">
  <testcase name="mT" time="0.028" classname="MyTest"/>
</testsuite> <!-- MyTest -->
