<?xml version="1.0" encoding="UTF-8"?>
<!-- Generated by org.testng.reporters.JUnitReportReporter -->
<testsuite skipped="0" hostname="SANYO-PC" name="DataProvider_Excel" tests="4" failures="0" timestamp="2020-03-11T15:11:59 EDT" time="109.889" errors="0">
  <testcase name="login" time="46.300" classname="DataProvider_Excel"/>
  <testcase name="login" time="28.315" classname="DataProvider_Excel"/>
  <testcase name="login" time="18.852" classname="DataProvider_Excel"/>
  <testcase name="login" time="16.422" classname="DataProvider_Excel"/>
</testsuite> <!-- DataProvider_Excel -->
